<?xml version="1.0" encoding="UTF-8"?>
<testsuite name="edu.touro.mcon152.bm.DiskMarkTest" tests="3" skipped="0" failures="0" errors="0" timestamp="2026-05-08T11:09:10.082Z" hostname="WINDOWS-1IMTBV2" time="0.061">
  <properties/>
  <testcase name="diskMarkToStringTestNull()" classname="edu.touro.mcon152.bm.DiskMarkTest" time="0.024"/>
  <testcase name="diskMarkToStringTest()" classname="edu.touro.mcon152.bm.DiskMarkTest" time="0.007"/>
  <testcase name="getBwMBSecAsStringTest()" classname="edu.touro.mcon152.bm.DiskMarkTest" time="0.002"/>
  <system-out><![CDATA[]]></system-out>
  <system-err><![CDATA[]]></system-err>
</testsuite>
